{
  "stats": {
    "suites": 1,
    "tests": 1,
    "passes": 0,
    "pending": 0,
    "failures": 1,
    "start": "2024-10-31T12:55:26.211Z",
    "end": "2024-10-31T12:55:27.199Z",
    "duration": 988,
    "testsRegistered": 1,
    "passPercent": 0,
    "pendingPercent": 0,
    "other": 0,
    "hasOther": false,
    "skipped": 0,
    "hasSkipped": false
  },
  "results": [
    {
      "uuid": "0267b78f-4acd-40e5-a9de-e5a859fe7daf",
      "title": "",
      "fullFile": "cypress\\e2e\\UI\\LoginManagement\\SupervisorLoginManagement\\supervisor-login.cy.js",
      "file": "cypress\\e2e\\UI\\LoginManagement\\SupervisorLoginManagement\\supervisor-login.cy.js",
      "beforeHooks": [],
      "afterHooks": [],
      "tests": [],
      "suites": [
        {
          "uuid": "998ed089-3f33-420e-a4cc-6da596f0034f",
          "title": "Supervisor Login Functionality",
          "fullFile": "",
          "file": "",
          "beforeHooks": [],
          "afterHooks": [],
          "tests": [
            {
              "title": "Supervisor should log in and verify audit log",
              "fullTitle": "Supervisor Login Functionality Supervisor should log in and verify audit log",
              "timedOut": null,
              "duration": 881,
              "state": "failed",
              "speed": null,
              "pass": false,
              "fail": true,
              "pending": false,
              "context": null,
              "code": "// Log in as the newly created supervisor\ncy.visit('/');\ncy.get('#username').type(newSupervisor.UserName);\ncy.get('#password').type(\"Aa123456!\");\ncy.get('button.fuse-mat-button-large.bg-primary').click();\n// Perform checks in the UI\ncy.get('a[href=\"/audit\"]').click();\ncy.get('tr[role=\"row\"][mat-row]').first().within(() => {\n  cy.get('.mat-column-username').should('contain', newSupervisor.UserName);\n  cy.get('.mat-column-role').should('contain', 'Supervisor');\n  cy.get('.mat-column-action').should('contain', 'User logged in');\n});",
              "err": {
                "message": "CypressError: `cy.request()` failed on:\n\nhttps://qa-30-api.nanolocksecurity.nl/api/Users/CreateUser\n\nThe response we received from your web server was:\n\n  > 400: Bad Request\n\nThis was considered a failure because the status code was not `2xx` or `3xx`.\n\nIf you do not want status codes to cause failures pass the option: `failOnStatusCode: false`\n\n-----------------------------------------------------------\n\nThe request we sent was:\n\nMethod: POST\nURL: https://qa-30-api.nanolocksecurity.nl/api/Users/CreateUser\nHeaders: {\n  \"Connection\": \"keep-alive\",\n  \"accept\": \"*/*\",\n  \"Nl-Platform\": \"MOT\",\n  \"Content-Type\": \"application/json\",\n  \"Authorization\": \"Bearer eyJhbGciOiJodHRwOi8vd3d3LnczLm9yZy8yMDAxLzA0L3htbGRzaWctbW9yZSNobWFjLXNoYTI1NiIsInR5cCI6IkpXVCJ9.eyJodHRwOi8vc2NoZW1hcy54bWxzb2FwLm9yZy93cy8yMDA1LzA1L2lkZW50aXR5L2NsYWltcy9uYW1lIjoiYWRtaW4iLCJodHRwOi8vc2NoZW1hcy5taWNyb3NvZnQuY29tL3dzLzIwMDgvMDYvaWRlbnRpdHkvY2xhaW1zL3JvbGUiOiJBZG1pbmlzdHJhdG9yIiwianRpIjoiOWY5ZmZiZmQtOGM0Yi00ODM2LWI1NTgtNTA3MWMyODdjNDE2IiwiaWF0IjoiMTczMDM3OTMyNiIsInJlZmV4cCI6IjE3MzA0MTc3MjYiLCJyb2xlIjoiQWRtaW5pc3RyYXRvciIsInR5cCI6IkJlYXJlciIsInByZWZlcnJlZF91c2VybmFtZSI6ImFkbWluIiwibmwtcGxhdGZvcm0iOiJNT1QiLCJuYW1lIjoiICIsInBob25lX251bWJlciI6IiIsInBob25lX2NvZGUiOiIiLCJnaXZlbl9uYW1lIjoiIiwiZmFtaWx5X25hbWUiOiIiLCJlbWFpbCI6IiIsIm5sLXdvcmtzdGF0aW9uLWlkIjoiMDAwMDAwMDAtMDAwMC0wMDAwLTAwMDAtMDAwMDAwMDAwMDAwIiwibmwtd29ya3N0YXRpb24tbmFtZSI6IiIsImV4cCI6MTczMDM3OTYyNiwiaXNzIjoibmFub2xvY2tzZWN1cml0eS5ubCIsImF1ZCI6Im5hbm9sb2Nrc2VjdXJpdHkubmwifQ.vGBG1VD7nSvPY0-lsVDWja_0h8fdwumJr0QrspcT4XA\",\n  \"user-agent\": \"Mozilla/5.0 (Windows NT 10.0; Win64; x64) AppleWebKit/537.36 (KHTML, like Gecko) Cypress/13.11.0 Chrome/118.0.5993.159 Electron/27.3.10 Safari/537.36\",\n  \"cookie\": \"X-Refresh-Token=DdI9G55Ui%2Bm32nLbxV%2B3m3nsk1UYEV07iWpsYh9GMPrqmZzlhYneVQ0GBvkd8w4O7Dq204%2FSyPZ055PI2awJkw%3D%3D; X-Access-Token=eyJhbGciOiJodHRwOi8vd3d3LnczLm9yZy8yMDAxLzA0L3htbGRzaWctbW9yZSNobWFjLXNoYTI1NiIsInR5cCI6IkpXVCJ9.eyJodHRwOi8vc2NoZW1hcy54bWxzb2FwLm9yZy93cy8yMDA1LzA1L2lkZW50aXR5L2NsYWltcy9uYW1lIjoiYWRtaW4iLCJodHRwOi8vc2NoZW1hcy5taWNyb3NvZnQuY29tL3dzLzIwMDgvMDYvaWRlbnRpdHkvY2xhaW1zL3JvbGUiOiJBZG1pbmlzdHJhdG9yIiwianRpIjoiOWY5ZmZiZmQtOGM0Yi00ODM2LWI1NTgtNTA3MWMyODdjNDE2IiwiaWF0IjoiMTczMDM3OTMyNiIsInJlZmV4cCI6IjE3MzA0MTc3MjYiLCJyb2xlIjoiQWRtaW5pc3RyYXRvciIsInR5cCI6IkJlYXJlciIsInByZWZlcnJlZF91c2VybmFtZSI6ImFkbWluIiwibmwtcGxhdGZvcm0iOiJNT1QiLCJuYW1lIjoiICIsInBob25lX251bWJlciI6IiIsInBob25lX2NvZGUiOiIiLCJnaXZlbl9uYW1lIjoiIiwiZmFtaWx5X25hbWUiOiIiLCJlbWFpbCI6IiIsIm5sLXdvcmtzdGF0aW9uLWlkIjoiMDAwMDAwMDAtMDAwMC0wMDAwLTAwMDAtMDAwMDAwMDAwMDAwIiwibmwtd29ya3N0YXRpb24tbmFtZSI6IiIsImV4cCI6MTczMDM3OTYyNiwiaXNzIjoibmFub2xvY2tzZWN1cml0eS5ubCIsImF1ZCI6Im5hbm9sb2Nrc2VjdXJpdHkubmwifQ.vGBG1VD7nSvPY0-lsVDWja_0h8fdwumJr0QrspcT4XA; X-Access-Token-Exp=10%2F31%2F2024%2013%3A00%3A26%20%2B00%3A00\",\n  \"accept-encoding\": \"gzip, deflate\",\n  \"content-length\": 231\n}\nBody: {\"FirstName\":\"autosup\",\"IsMfaEnabled\":false,\"LastName\":\"automate\",\"UserName\":\"autosup\",\"PhoneCode\":\"972\",\"PhoneNumber\":\"0502729993\",\"Email\":\"autosup@gmail.com\",\"Password\":\"Aa123456!\",\"RoleId\":\"129274de-3440-4b2a-8072-7fefd7b10937\"}\n\n-----------------------------------------------------------\n\nThe response we got was:\n\nStatus: 400 - Bad Request\nHeaders: {\n  \"server\": \"nginx/1.17.5\",\n  \"date\": \"Thu, 31 Oct 2024 12:55:26 GMT\",\n  \"content-type\": \"application/json; charset=utf-8\",\n  \"transfer-encoding\": \"chunked\",\n  \"connection\": \"keep-alive\"\n}\nBody: Failed to create user, {\n  \"type\": \"https://tools.ietf.org/html/rfc9110#section-15.5.1\",\n  \"title\": \"Bad Request\",\n  \"status\": 400,\n  \"traceId\": \"00-0797ae311cf5ad2fa7e20bf22aa5db85-3e007729eb3e64f5-00\"\n} BadRequest\n\n\nhttps://on.cypress.io/request\n\nBecause this error occurred during a `before all` hook we are skipping the remaining tests in the current suite: `Supervisor Login Functionality`",
                "estack": "CypressError: `cy.request()` failed on:\n\nhttps://qa-30-api.nanolocksecurity.nl/api/Users/CreateUser\n\nThe response we received from your web server was:\n\n  > 400: Bad Request\n\nThis was considered a failure because the status code was not `2xx` or `3xx`.\n\nIf you do not want status codes to cause failures pass the option: `failOnStatusCode: false`\n\n-----------------------------------------------------------\n\nThe request we sent was:\n\nMethod: POST\nURL: https://qa-30-api.nanolocksecurity.nl/api/Users/CreateUser\nHeaders: {\n  \"Connection\": \"keep-alive\",\n  \"accept\": \"*/*\",\n  \"Nl-Platform\": \"MOT\",\n  \"Content-Type\": \"application/json\",\n  \"Authorization\": \"Bearer eyJhbGciOiJodHRwOi8vd3d3LnczLm9yZy8yMDAxLzA0L3htbGRzaWctbW9yZSNobWFjLXNoYTI1NiIsInR5cCI6IkpXVCJ9.eyJodHRwOi8vc2NoZW1hcy54bWxzb2FwLm9yZy93cy8yMDA1LzA1L2lkZW50aXR5L2NsYWltcy9uYW1lIjoiYWRtaW4iLCJodHRwOi8vc2NoZW1hcy5taWNyb3NvZnQuY29tL3dzLzIwMDgvMDYvaWRlbnRpdHkvY2xhaW1zL3JvbGUiOiJBZG1pbmlzdHJhdG9yIiwianRpIjoiOWY5ZmZiZmQtOGM0Yi00ODM2LWI1NTgtNTA3MWMyODdjNDE2IiwiaWF0IjoiMTczMDM3OTMyNiIsInJlZmV4cCI6IjE3MzA0MTc3MjYiLCJyb2xlIjoiQWRtaW5pc3RyYXRvciIsInR5cCI6IkJlYXJlciIsInByZWZlcnJlZF91c2VybmFtZSI6ImFkbWluIiwibmwtcGxhdGZvcm0iOiJNT1QiLCJuYW1lIjoiICIsInBob25lX251bWJlciI6IiIsInBob25lX2NvZGUiOiIiLCJnaXZlbl9uYW1lIjoiIiwiZmFtaWx5X25hbWUiOiIiLCJlbWFpbCI6IiIsIm5sLXdvcmtzdGF0aW9uLWlkIjoiMDAwMDAwMDAtMDAwMC0wMDAwLTAwMDAtMDAwMDAwMDAwMDAwIiwibmwtd29ya3N0YXRpb24tbmFtZSI6IiIsImV4cCI6MTczMDM3OTYyNiwiaXNzIjoibmFub2xvY2tzZWN1cml0eS5ubCIsImF1ZCI6Im5hbm9sb2Nrc2VjdXJpdHkubmwifQ.vGBG1VD7nSvPY0-lsVDWja_0h8fdwumJr0QrspcT4XA\",\n  \"user-agent\": \"Mozilla/5.0 (Windows NT 10.0; Win64; x64) AppleWebKit/537.36 (KHTML, like Gecko) Cypress/13.11.0 Chrome/118.0.5993.159 Electron/27.3.10 Safari/537.36\",\n  \"cookie\": \"X-Refresh-Token=DdI9G55Ui%2Bm32nLbxV%2B3m3nsk1UYEV07iWpsYh9GMPrqmZzlhYneVQ0GBvkd8w4O7Dq204%2FSyPZ055PI2awJkw%3D%3D; X-Access-Token=eyJhbGciOiJodHRwOi8vd3d3LnczLm9yZy8yMDAxLzA0L3htbGRzaWctbW9yZSNobWFjLXNoYTI1NiIsInR5cCI6IkpXVCJ9.eyJodHRwOi8vc2NoZW1hcy54bWxzb2FwLm9yZy93cy8yMDA1LzA1L2lkZW50aXR5L2NsYWltcy9uYW1lIjoiYWRtaW4iLCJodHRwOi8vc2NoZW1hcy5taWNyb3NvZnQuY29tL3dzLzIwMDgvMDYvaWRlbnRpdHkvY2xhaW1zL3JvbGUiOiJBZG1pbmlzdHJhdG9yIiwianRpIjoiOWY5ZmZiZmQtOGM0Yi00ODM2LWI1NTgtNTA3MWMyODdjNDE2IiwiaWF0IjoiMTczMDM3OTMyNiIsInJlZmV4cCI6IjE3MzA0MTc3MjYiLCJyb2xlIjoiQWRtaW5pc3RyYXRvciIsInR5cCI6IkJlYXJlciIsInByZWZlcnJlZF91c2VybmFtZSI6ImFkbWluIiwibmwtcGxhdGZvcm0iOiJNT1QiLCJuYW1lIjoiICIsInBob25lX251bWJlciI6IiIsInBob25lX2NvZGUiOiIiLCJnaXZlbl9uYW1lIjoiIiwiZmFtaWx5X25hbWUiOiIiLCJlbWFpbCI6IiIsIm5sLXdvcmtzdGF0aW9uLWlkIjoiMDAwMDAwMDAtMDAwMC0wMDAwLTAwMDAtMDAwMDAwMDAwMDAwIiwibmwtd29ya3N0YXRpb24tbmFtZSI6IiIsImV4cCI6MTczMDM3OTYyNiwiaXNzIjoibmFub2xvY2tzZWN1cml0eS5ubCIsImF1ZCI6Im5hbm9sb2Nrc2VjdXJpdHkubmwifQ.vGBG1VD7nSvPY0-lsVDWja_0h8fdwumJr0QrspcT4XA; X-Access-Token-Exp=10%2F31%2F2024%2013%3A00%3A26%20%2B00%3A00\",\n  \"accept-encoding\": \"gzip, deflate\",\n  \"content-length\": 231\n}\nBody: {\"FirstName\":\"autosup\",\"IsMfaEnabled\":false,\"LastName\":\"automate\",\"UserName\":\"autosup\",\"PhoneCode\":\"972\",\"PhoneNumber\":\"0502729993\",\"Email\":\"autosup@gmail.com\",\"Password\":\"Aa123456!\",\"RoleId\":\"129274de-3440-4b2a-8072-7fefd7b10937\"}\n\n-----------------------------------------------------------\n\nThe response we got was:\n\nStatus: 400 - Bad Request\nHeaders: {\n  \"server\": \"nginx/1.17.5\",\n  \"date\": \"Thu, 31 Oct 2024 12:55:26 GMT\",\n  \"content-type\": \"application/json; charset=utf-8\",\n  \"transfer-encoding\": \"chunked\",\n  \"connection\": \"keep-alive\"\n}\nBody: Failed to create user, {\n  \"type\": \"https://tools.ietf.org/html/rfc9110#section-15.5.1\",\n  \"title\": \"Bad Request\",\n  \"status\": 400,\n  \"traceId\": \"00-0797ae311cf5ad2fa7e20bf22aa5db85-3e007729eb3e64f5-00\"\n} BadRequest\n\n\nhttps://on.cypress.io/request\n\nBecause this error occurred during a `before all` hook we are skipping the remaining tests in the current suite: `Supervisor Login Functionality`\n    at <unknown> (http://qa-30.nanolocksecurity.nl/__cypress/runner/cypress_runner.js:132760:72)\n    at tryCatcher (http://qa-30.nanolocksecurity.nl/__cypress/runner/cypress_runner.js:1807:23)\n    at Promise._settlePromiseFromHandler (http://qa-30.nanolocksecurity.nl/__cypress/runner/cypress_runner.js:1519:31)\n    at Promise._settlePromise (http://qa-30.nanolocksecurity.nl/__cypress/runner/cypress_runner.js:1576:18)\n    at Promise._settlePromise0 (http://qa-30.nanolocksecurity.nl/__cypress/runner/cypress_runner.js:1621:10)\n    at Promise._settlePromises (http://qa-30.nanolocksecurity.nl/__cypress/runner/cypress_runner.js:1701:18)\n    at _drainQueueStep (http://qa-30.nanolocksecurity.nl/__cypress/runner/cypress_runner.js:2407:12)\n    at _drainQueue (http://qa-30.nanolocksecurity.nl/__cypress/runner/cypress_runner.js:2400:9)\n    at Async._drainQueues (http://qa-30.nanolocksecurity.nl/__cypress/runner/cypress_runner.js:2416:5)\n    at Async.drainQueues (http://qa-30.nanolocksecurity.nl/__cypress/runner/cypress_runner.js:2286:14)\nFrom Your Spec Code:\n    at Context.eval (webpack:///./cypress/support/commands.js:15:4)",
                "diff": null
              },
              "uuid": "7c1c5949-a56c-448e-a744-d28d00f5baf3",
              "parentUUID": "998ed089-3f33-420e-a4cc-6da596f0034f",
              "isHook": false,
              "skipped": false
            }
          ],
          "suites": [],
          "passes": [],
          "failures": [
            "7c1c5949-a56c-448e-a744-d28d00f5baf3"
          ],
          "pending": [],
          "skipped": [],
          "duration": 881,
          "root": false,
          "rootEmpty": false,
          "_timeout": 2000
        }
      ],
      "passes": [],
      "failures": [],
      "pending": [],
      "skipped": [],
      "duration": 0,
      "root": true,
      "rootEmpty": true,
      "_timeout": 2000
    }
  ],
  "meta": {
    "mocha": {
      "version": "7.0.1"
    },
    "mochawesome": {
      "options": {
        "quiet": false,
        "reportFilename": "mochawesome",
        "saveHtml": true,
        "saveJson": true,
        "consoleReporter": "spec",
        "useInlineDiffs": false,
        "code": true
      },
      "version": "7.1.3"
    },
    "marge": {
      "options": {
        "reportDir": "cypress/reports",
        "overwrite": true,
        "html": true,
        "json": true
      },
      "version": "6.2.0"
    }
  }
}